<?xml version="1.0" encoding="UTF-8"?>
<!-- Generated by org.testng.reporters.JUnitReportReporter -->
<testsuite hostname="Deepikas-MacBook-Air.local" name="com.branch.tests.TeamPageTests" tests="1" failures="0" timestamp="21 May 2018 21:17:45 GMT" time="48.945" errors="0">
  <testcase name="compareEmpDetailsOtherTabsWithAll" time="48.945" classname="com.branch.tests.TeamPageTests"/>
</testsuite> <!-- com.branch.tests.TeamPageTests -->
